{"total": {"lines":{"total":152,"covered":81,"skipped":0,"pct":53.28},"statements":{"total":157,"covered":84,"skipped":0,"pct":53.5},"functions":{"total":41,"covered":23,"skipped":0,"pct":56.09},"branches":{"total":34,"covered":13,"skipped":0,"pct":38.23},"branchesTrue":{"total":0,"covered":0,"skipped":0,"pct":100}}
,"/home/bruno/Documentos/trybe/projetos/sd-027-b-project-trivia-react-redux/sd-027-b-project-trivia-react-redux/src/App.js": {"lines":{"total":1,"covered":1,"skipped":0,"pct":100},"functions":{"total":1,"covered":1,"skipped":0,"pct":100},"statements":{"total":1,"covered":1,"skipped":0,"pct":100},"branches":{"total":0,"covered":0,"skipped":0,"pct":100}}
,"/home/bruno/Documentos/trybe/projetos/sd-027-b-project-trivia-react-redux/sd-027-b-project-trivia-react-redux/src/components/Header.jsx": {"lines":{"total":4,"covered":4,"skipped":0,"pct":100},"functions":{"total":2,"covered":2,"skipped":0,"pct":100},"statements":{"total":5,"covered":5,"skipped":0,"pct":100},"branches":{"total":0,"covered":0,"skipped":0,"pct":100}}
,"/home/bruno/Documentos/trybe/projetos/sd-027-b-project-trivia-react-redux/sd-027-b-project-trivia-react-redux/src/components/MultipleChoice.jsx": {"lines":{"total":10,"covered":4,"skipped":0,"pct":40},"functions":{"total":3,"covered":1,"skipped":0,"pct":33.33},"statements":{"total":10,"covered":4,"skipped":0,"pct":40},"branches":{"total":6,"covered":0,"skipped":0,"pct":0}}
,"/home/bruno/Documentos/trybe/projetos/sd-027-b-project-trivia-react-redux/sd-027-b-project-trivia-react-redux/src/components/Ranking.jsx": {"lines":{"total":6,"covered":2,"skipped":0,"pct":33.33},"functions":{"total":4,"covered":0,"skipped":0,"pct":0},"statements":{"total":7,"covered":2,"skipped":0,"pct":28.57},"branches":{"total":0,"covered":0,"skipped":0,"pct":100}}
,"/home/bruno/Documentos/trybe/projetos/sd-027-b-project-trivia-react-redux/sd-027-b-project-trivia-react-redux/src/pages/Feedback.jsx": {"lines":{"total":28,"covered":24,"skipped":0,"pct":85.71},"functions":{"total":8,"covered":7,"skipped":0,"pct":87.5},"statements":{"total":29,"covered":25,"skipped":0,"pct":86.2},"branches":{"total":4,"covered":3,"skipped":0,"pct":75}}
,"/home/bruno/Documentos/trybe/projetos/sd-027-b-project-trivia-react-redux/sd-027-b-project-trivia-react-redux/src/pages/Game.jsx": {"lines":{"total":76,"covered":19,"skipped":0,"pct":25},"functions":{"total":15,"covered":4,"skipped":0,"pct":26.66},"statements":{"total":78,"covered":20,"skipped":0,"pct":25.64},"branches":{"total":18,"covered":4,"skipped":0,"pct":22.22}}
,"/home/bruno/Documentos/trybe/projetos/sd-027-b-project-trivia-react-redux/sd-027-b-project-trivia-react-redux/src/pages/Login.jsx": {"lines":{"total":26,"covered":26,"skipped":0,"pct":100},"functions":{"total":7,"covered":7,"skipped":0,"pct":100},"statements":{"total":26,"covered":26,"skipped":0,"pct":100},"branches":{"total":6,"covered":6,"skipped":0,"pct":100}}
,"/home/bruno/Documentos/trybe/projetos/sd-027-b-project-trivia-react-redux/sd-027-b-project-trivia-react-redux/src/pages/Settings.jsx": {"lines":{"total":1,"covered":1,"skipped":0,"pct":100},"functions":{"total":1,"covered":1,"skipped":0,"pct":100},"statements":{"total":1,"covered":1,"skipped":0,"pct":100},"branches":{"total":0,"covered":0,"skipped":0,"pct":100}}
}
