{"/home/bruno/Documentos/trybe/projetos/sd-027-b-project-trivia-react-redux/sd-027-b-project-trivia-react-redux/src/App.js": {"path":"/home/bruno/Documentos/trybe/projetos/sd-027-b-project-trivia-react-redux/sd-027-b-project-trivia-react-redux/src/App.js","statementMap":{"0":{"start":{"line":13,"column":4},"end":{"line":27,"column":6}}},"fnMap":{"0":{"name":"(anonymous_0)","decl":{"start":{"line":12,"column":2},"end":{"line":12,"column":3}},"loc":{"start":{"line":12,"column":11},"end":{"line":28,"column":3}},"line":12}},"branchMap":{},"s":{"0":4},"f":{"0":4},"b":{},"_coverageSchema":"1a1c01bbd47fc00a2c39e90264f33305004495a9","hash":"2856a52aca20c593228e3eda8e02d6f9816a90cf"}
,"/home/bruno/Documentos/trybe/projetos/sd-027-b-project-trivia-react-redux/sd-027-b-project-trivia-react-redux/src/components/Header.jsx": {"path":"/home/bruno/Documentos/trybe/projetos/sd-027-b-project-trivia-react-redux/sd-027-b-project-trivia-react-redux/src/components/Header.jsx","statementMap":{"0":{"start":{"line":8,"column":55},"end":{"line":8,"column":65}},"1":{"start":{"line":9,"column":4},"end":{"line":23,"column":6}},"2":{"start":{"line":27,"column":24},"end":{"line":29,"column":2}},"3":{"start":{"line":27,"column":42},"end":{"line":29,"column":1}},"4":{"start":{"line":33,"column":0},"end":{"line":35,"column":13}}},"fnMap":{"0":{"name":"(anonymous_0)","decl":{"start":{"line":7,"column":2},"end":{"line":7,"column":3}},"loc":{"start":{"line":7,"column":11},"end":{"line":24,"column":3}},"line":7},"1":{"name":"(anonymous_1)","decl":{"start":{"line":27,"column":24},"end":{"line":27,"column":25}},"loc":{"start":{"line":27,"column":42},"end":{"line":29,"column":1}},"line":27}},"branchMap":{},"s":{"0":3,"1":3,"2":2,"3":3,"4":2},"f":{"0":3,"1":3},"b":{},"_coverageSchema":"1a1c01bbd47fc00a2c39e90264f33305004495a9","hash":"5c9ee5514cfb5cc0a676bb6630acc0c6467d50ff"}
,"/home/bruno/Documentos/trybe/projetos/sd-027-b-project-trivia-react-redux/sd-027-b-project-trivia-react-redux/src/components/MultipleChoice.jsx": {"path":"/home/bruno/Documentos/trybe/projetos/sd-027-b-project-trivia-react-redux/sd-027-b-project-trivia-react-redux/src/components/MultipleChoice.jsx","statementMap":{"0":{"start":{"line":6,"column":13},"end":{"line":14,"column":3}},"1":{"start":{"line":7,"column":28},"end":{"line":7,"column":38}},"2":{"start":{"line":8,"column":4},"end":{"line":13,"column":5}},"3":{"start":{"line":9,"column":6},"end":{"line":11,"column":7}},"4":{"start":{"line":10,"column":8},"end":{"line":10,"column":31}},"5":{"start":{"line":12,"column":6},"end":{"line":12,"column":27}},"6":{"start":{"line":17,"column":58},"end":{"line":17,"column":68}},"7":{"start":{"line":18,"column":4},"end":{"line":39,"column":6}},"8":{"start":{"line":22,"column":12},"end":{"line":35,"column":21}},"9":{"start":{"line":43,"column":0},"end":{"line":49,"column":2}}},"fnMap":{"0":{"name":"(anonymous_0)","decl":{"start":{"line":6,"column":13},"end":{"line":6,"column":14}},"loc":{"start":{"line":6,"column":36},"end":{"line":14,"column":3}},"line":6},"1":{"name":"(anonymous_1)","decl":{"start":{"line":16,"column":2},"end":{"line":16,"column":3}},"loc":{"start":{"line":16,"column":11},"end":{"line":40,"column":3}},"line":16},"2":{"name":"(anonymous_2)","decl":{"start":{"line":21,"column":21},"end":{"line":21,"column":22}},"loc":{"start":{"line":22,"column":12},"end":{"line":35,"column":21}},"line":22}},"branchMap":{"0":{"loc":{"start":{"line":8,"column":4},"end":{"line":13,"column":5}},"type":"if","locations":[{"start":{"line":8,"column":4},"end":{"line":13,"column":5}},{"start":{},"end":{}}],"line":8},"1":{"loc":{"start":{"line":9,"column":6},"end":{"line":11,"column":7}},"type":"if","locations":[{"start":{"line":9,"column":6},"end":{"line":11,"column":7}},{"start":{},"end":{}}],"line":9},"2":{"loc":{"start":{"line":27,"column":16},"end":{"line":29,"column":43}},"type":"cond-expr","locations":[{"start":{"line":28,"column":20},"end":{"line":28,"column":36}},{"start":{"line":29,"column":20},"end":{"line":29,"column":43}}],"line":27}},"s":{"0":1,"1":0,"2":0,"3":0,"4":0,"5":0,"6":1,"7":1,"8":0,"9":1},"f":{"0":0,"1":1,"2":0},"b":{"0":[0,0],"1":[0,0],"2":[0,0]},"_coverageSchema":"1a1c01bbd47fc00a2c39e90264f33305004495a9","hash":"9ec4375a4ba3087e40aa90fd2d835d8e5d2fcb1e"}
,"/home/bruno/Documentos/trybe/projetos/sd-027-b-project-trivia-react-redux/sd-027-b-project-trivia-react-redux/src/components/Ranking.jsx": {"path":"/home/bruno/Documentos/trybe/projetos/sd-027-b-project-trivia-react-redux/sd-027-b-project-trivia-react-redux/src/components/Ranking.jsx","statementMap":{"0":{"start":{"line":30,"column":23},"end":{"line":30,"column":66}},"1":{"start":{"line":31,"column":4},"end":{"line":50,"column":6}},"2":{"start":{"line":36,"column":38},"end":{"line":36,"column":55}},"3":{"start":{"line":37,"column":14},"end":{"line":41,"column":20}},"4":{"start":{"line":54,"column":24},"end":{"line":56,"column":2}},"5":{"start":{"line":54,"column":42},"end":{"line":56,"column":1}},"6":{"start":{"line":58,"column":0},"end":{"line":63,"column":2}}},"fnMap":{"0":{"name":"(anonymous_0)","decl":{"start":{"line":29,"column":2},"end":{"line":29,"column":3}},"loc":{"start":{"line":29,"column":11},"end":{"line":51,"column":3}},"line":29},"1":{"name":"(anonymous_1)","decl":{"start":{"line":36,"column":28},"end":{"line":36,"column":29}},"loc":{"start":{"line":36,"column":38},"end":{"line":36,"column":55}},"line":36},"2":{"name":"(anonymous_2)","decl":{"start":{"line":36,"column":61},"end":{"line":36,"column":62}},"loc":{"start":{"line":37,"column":14},"end":{"line":41,"column":20}},"line":37},"3":{"name":"(anonymous_3)","decl":{"start":{"line":54,"column":24},"end":{"line":54,"column":25}},"loc":{"start":{"line":54,"column":42},"end":{"line":56,"column":1}},"line":54}},"branchMap":{},"s":{"0":0,"1":0,"2":0,"3":0,"4":1,"5":0,"6":1},"f":{"0":0,"1":0,"2":0,"3":0},"b":{},"_coverageSchema":"1a1c01bbd47fc00a2c39e90264f33305004495a9","hash":"251de1d995f6924552fc34f48df20623eca22dd2"}
,"/home/bruno/Documentos/trybe/projetos/sd-027-b-project-trivia-react-redux/sd-027-b-project-trivia-react-redux/src/pages/FeedBack.jsx": {"path":"/home/bruno/Documentos/trybe/projetos/sd-027-b-project-trivia-react-redux/sd-027-b-project-trivia-react-redux/src/pages/FeedBack.jsx","statementMap":{"0":{"start":{"line":13,"column":4},"end":{"line":13,"column":12}},"1":{"start":{"line":14,"column":4},"end":{"line":16,"column":6}},"2":{"start":{"line":17,"column":4},"end":{"line":17,"column":69}},"3":{"start":{"line":21,"column":4},"end":{"line":21,"column":32}},"4":{"start":{"line":22,"column":4},"end":{"line":22,"column":37}},"5":{"start":{"line":25,"column":15},"end":{"line":28,"column":3}},"6":{"start":{"line":26,"column":23},"end":{"line":26,"column":54}},"7":{"start":{"line":27,"column":4},"end":{"line":27,"column":52}},"8":{"start":{"line":30,"column":30},"end":{"line":40,"column":3}},"9":{"start":{"line":31,"column":23},"end":{"line":31,"column":33}},"10":{"start":{"line":33,"column":22},"end":{"line":37,"column":5}},"11":{"start":{"line":38,"column":30},"end":{"line":38,"column":47}},"12":{"start":{"line":39,"column":4},"end":{"line":39,"column":87}},"13":{"start":{"line":42,"column":25},"end":{"line":53,"column":3}},"14":{"start":{"line":45,"column":10},"end":{"line":45,"column":20}},"15":{"start":{"line":47,"column":22},"end":{"line":47,"column":23}},"16":{"start":{"line":48,"column":4},"end":{"line":52,"column":5}},"17":{"start":{"line":49,"column":6},"end":{"line":49,"column":58}},"18":{"start":{"line":51,"column":6},"end":{"line":51,"column":50}},"19":{"start":{"line":59,"column":10},"end":{"line":59,"column":20}},"20":{"start":{"line":60,"column":27},"end":{"line":60,"column":37}},"21":{"start":{"line":61,"column":4},"end":{"line":86,"column":6}},"22":{"start":{"line":90,"column":0},"end":{"line":97,"column":2}},"23":{"start":{"line":99,"column":24},"end":{"line":101,"column":2}},"24":{"start":{"line":99,"column":42},"end":{"line":101,"column":1}}},"fnMap":{"0":{"name":"(anonymous_0)","decl":{"start":{"line":12,"column":2},"end":{"line":12,"column":3}},"loc":{"start":{"line":12,"column":16},"end":{"line":18,"column":3}},"line":12},"1":{"name":"(anonymous_1)","decl":{"start":{"line":20,"column":2},"end":{"line":20,"column":3}},"loc":{"start":{"line":20,"column":22},"end":{"line":23,"column":3}},"line":20},"2":{"name":"(anonymous_2)","decl":{"start":{"line":25,"column":15},"end":{"line":25,"column":16}},"loc":{"start":{"line":25,"column":21},"end":{"line":28,"column":3}},"line":25},"3":{"name":"(anonymous_3)","decl":{"start":{"line":30,"column":30},"end":{"line":30,"column":31}},"loc":{"start":{"line":30,"column":36},"end":{"line":40,"column":3}},"line":30},"4":{"name":"(anonymous_4)","decl":{"start":{"line":42,"column":25},"end":{"line":42,"column":26}},"loc":{"start":{"line":42,"column":31},"end":{"line":53,"column":3}},"line":42},"5":{"name":"(anonymous_5)","decl":{"start":{"line":55,"column":2},"end":{"line":55,"column":3}},"loc":{"start":{"line":55,"column":11},"end":{"line":87,"column":3}},"line":55},"6":{"name":"(anonymous_6)","decl":{"start":{"line":99,"column":24},"end":{"line":99,"column":25}},"loc":{"start":{"line":99,"column":42},"end":{"line":101,"column":1}},"line":99}},"branchMap":{"0":{"loc":{"start":{"line":27,"column":11},"end":{"line":27,"column":51}},"type":"cond-expr","locations":[{"start":{"line":27,"column":24},"end":{"line":27,"column":46}},{"start":{"line":27,"column":49},"end":{"line":27,"column":51}}],"line":27},"1":{"loc":{"start":{"line":48,"column":4},"end":{"line":52,"column":5}},"type":"if","locations":[{"start":{"line":48,"column":4},"end":{"line":52,"column":5}},{"start":{"line":50,"column":11},"end":{"line":52,"column":5}}],"line":48}},"s":{"0":2,"1":2,"2":2,"3":2,"4":2,"5":2,"6":2,"7":2,"8":2,"9":2,"10":2,"11":2,"12":2,"13":2,"14":2,"15":2,"16":2,"17":2,"18":0,"19":4,"20":4,"21":4,"22":2,"23":2,"24":2},"f":{"0":2,"1":2,"2":2,"3":2,"4":2,"5":4,"6":2},"b":{"0":[1,1],"1":[2,0]},"_coverageSchema":"1a1c01bbd47fc00a2c39e90264f33305004495a9","hash":"a55e660e896e70a0e0e8ca6373246023cb865f99"}
,"/home/bruno/Documentos/trybe/projetos/sd-027-b-project-trivia-react-redux/sd-027-b-project-trivia-react-redux/src/pages/Game.jsx": {"path":"/home/bruno/Documentos/trybe/projetos/sd-027-b-project-trivia-react-redux/sd-027-b-project-trivia-react-redux/src/pages/Game.jsx","statementMap":{"0":{"start":{"line":11,"column":10},"end":{"line":26,"column":3}},"1":{"start":{"line":29,"column":4},"end":{"line":29,"column":23}},"2":{"start":{"line":33,"column":4},"end":{"line":33,"column":21}},"3":{"start":{"line":34,"column":4},"end":{"line":34,"column":22}},"4":{"start":{"line":37,"column":16},"end":{"line":60,"column":3}},"5":{"start":{"line":38,"column":16},"end":{"line":38,"column":61}},"6":{"start":{"line":39,"column":21},"end":{"line":39,"column":50}},"7":{"start":{"line":40,"column":24},"end":{"line":40,"column":51}},"8":{"start":{"line":41,"column":25},"end":{"line":41,"column":49}},"9":{"start":{"line":42,"column":25},"end":{"line":42,"column":26}},"10":{"start":{"line":43,"column":4},"end":{"line":59,"column":5}},"11":{"start":{"line":44,"column":6},"end":{"line":44,"column":34}},"12":{"start":{"line":45,"column":26},"end":{"line":45,"column":36}},"13":{"start":{"line":46,"column":6},"end":{"line":46,"column":24}},"14":{"start":{"line":48,"column":25},"end":{"line":55,"column":7}},"15":{"start":{"line":56,"column":6},"end":{"line":58,"column":9}},"16":{"start":{"line":62,"column":17},"end":{"line":68,"column":3}},"17":{"start":{"line":63,"column":31},"end":{"line":63,"column":41}},"18":{"start":{"line":64,"column":27},"end":{"line":64,"column":43}},"19":{"start":{"line":65,"column":4},"end":{"line":65,"column":38}},"20":{"start":{"line":66,"column":4},"end":{"line":66,"column":50}},"21":{"start":{"line":67,"column":4},"end":{"line":67,"column":50}},"22":{"start":{"line":70,"column":13},"end":{"line":85,"column":3}},"23":{"start":{"line":71,"column":33},"end":{"line":71,"column":43}},"24":{"start":{"line":72,"column":27},"end":{"line":72,"column":35}},"25":{"start":{"line":73,"column":22},"end":{"line":73,"column":24}},"26":{"start":{"line":74,"column":32},"end":{"line":74,"column":38}},"27":{"start":{"line":75,"column":28},"end":{"line":79,"column":5}},"28":{"start":{"line":80,"column":4},"end":{"line":84,"column":5}},"29":{"start":{"line":81,"column":6},"end":{"line":81,"column":66}},"30":{"start":{"line":82,"column":6},"end":{"line":82,"column":32}},"31":{"start":{"line":83,"column":6},"end":{"line":83,"column":47}},"32":{"start":{"line":87,"column":17},"end":{"line":101,"column":3}},"33":{"start":{"line":88,"column":4},"end":{"line":90,"column":7}},"34":{"start":{"line":91,"column":21},"end":{"line":91,"column":22}},"35":{"start":{"line":92,"column":33},"end":{"line":92,"column":43}},"36":{"start":{"line":93,"column":4},"end":{"line":93,"column":21}},"37":{"start":{"line":94,"column":4},"end":{"line":94,"column":21}},"38":{"start":{"line":95,"column":4},"end":{"line":100,"column":5}},"39":{"start":{"line":96,"column":6},"end":{"line":96,"column":30}},"40":{"start":{"line":98,"column":26},"end":{"line":98,"column":36}},"41":{"start":{"line":99,"column":6},"end":{"line":99,"column":32}},"42":{"start":{"line":103,"column":9},"end":{"line":107,"column":3}},"43":{"start":{"line":104,"column":4},"end":{"line":106,"column":5}},"44":{"start":{"line":105,"column":6},"end":{"line":105,"column":26}},"45":{"start":{"line":109,"column":10},"end":{"line":117,"column":3}},"46":{"start":{"line":110,"column":16},"end":{"line":110,"column":17}},"47":{"start":{"line":111,"column":4},"end":{"line":116,"column":5}},"48":{"start":{"line":112,"column":6},"end":{"line":112,"column":40}},"49":{"start":{"line":113,"column":6},"end":{"line":115,"column":9}},"50":{"start":{"line":119,"column":14},"end":{"line":132,"column":3}},"51":{"start":{"line":120,"column":23},"end":{"line":120,"column":27}},"52":{"start":{"line":121,"column":4},"end":{"line":131,"column":19}},"53":{"start":{"line":122,"column":23},"end":{"line":122,"column":33}},"54":{"start":{"line":123,"column":6},"end":{"line":130,"column":7}},"55":{"start":{"line":124,"column":23},"end":{"line":124,"column":31}},"56":{"start":{"line":125,"column":8},"end":{"line":127,"column":11}},"57":{"start":{"line":129,"column":8},"end":{"line":129,"column":42}},"58":{"start":{"line":134,"column":14},"end":{"line":139,"column":3}},"59":{"start":{"line":135,"column":4},"end":{"line":138,"column":7}},"60":{"start":{"line":141,"column":21},"end":{"line":153,"column":3}},"61":{"start":{"line":142,"column":42},"end":{"line":142,"column":52}},"62":{"start":{"line":143,"column":21},"end":{"line":143,"column":46}},"63":{"start":{"line":144,"column":25},"end":{"line":144,"column":45}},"64":{"start":{"line":145,"column":19},"end":{"line":145,"column":75}},"65":{"start":{"line":146,"column":23},"end":{"line":146,"column":48}},"66":{"start":{"line":147,"column":4},"end":{"line":152,"column":7}},"67":{"start":{"line":155,"column":17},"end":{"line":161,"column":3}},"68":{"start":{"line":156,"column":4},"end":{"line":159,"column":5}},"69":{"start":{"line":156,"column":21},"end":{"line":156,"column":22}},"70":{"start":{"line":157,"column":23},"end":{"line":157,"column":62}},"71":{"start":{"line":158,"column":6},"end":{"line":158,"column":76}},"72":{"start":{"line":160,"column":4},"end":{"line":160,"column":18}},"73":{"start":{"line":170,"column":8},"end":{"line":170,"column":18}},"74":{"start":{"line":172,"column":4},"end":{"line":208,"column":6}},"75":{"start":{"line":212,"column":0},"end":{"line":221,"column":2}},"76":{"start":{"line":223,"column":24},"end":{"line":225,"column":2}},"77":{"start":{"line":223,"column":41},"end":{"line":225,"column":1}}},"fnMap":{"0":{"name":"(anonymous_0)","decl":{"start":{"line":28,"column":2},"end":{"line":28,"column":3}},"loc":{"start":{"line":28,"column":22},"end":{"line":30,"column":3}},"line":28},"1":{"name":"(anonymous_1)","decl":{"start":{"line":32,"column":2},"end":{"line":32,"column":3}},"loc":{"start":{"line":32,"column":35},"end":{"line":35,"column":3}},"line":32},"2":{"name":"(anonymous_2)","decl":{"start":{"line":37,"column":16},"end":{"line":37,"column":17}},"loc":{"start":{"line":37,"column":28},"end":{"line":60,"column":3}},"line":37},"3":{"name":"(anonymous_3)","decl":{"start":{"line":62,"column":17},"end":{"line":62,"column":18}},"loc":{"start":{"line":62,"column":33},"end":{"line":68,"column":3}},"line":62},"4":{"name":"(anonymous_4)","decl":{"start":{"line":70,"column":13},"end":{"line":70,"column":14}},"loc":{"start":{"line":70,"column":49},"end":{"line":85,"column":3}},"line":70},"5":{"name":"(anonymous_5)","decl":{"start":{"line":87,"column":17},"end":{"line":87,"column":18}},"loc":{"start":{"line":87,"column":23},"end":{"line":101,"column":3}},"line":87},"6":{"name":"(anonymous_6)","decl":{"start":{"line":103,"column":9},"end":{"line":103,"column":10}},"loc":{"start":{"line":103,"column":20},"end":{"line":107,"column":3}},"line":103},"7":{"name":"(anonymous_7)","decl":{"start":{"line":109,"column":10},"end":{"line":109,"column":11}},"loc":{"start":{"line":109,"column":21},"end":{"line":117,"column":3}},"line":109},"8":{"name":"(anonymous_8)","decl":{"start":{"line":119,"column":14},"end":{"line":119,"column":15}},"loc":{"start":{"line":119,"column":20},"end":{"line":132,"column":3}},"line":119},"9":{"name":"(anonymous_9)","decl":{"start":{"line":121,"column":37},"end":{"line":121,"column":38}},"loc":{"start":{"line":121,"column":43},"end":{"line":131,"column":5}},"line":121},"10":{"name":"(anonymous_10)","decl":{"start":{"line":134,"column":14},"end":{"line":134,"column":15}},"loc":{"start":{"line":134,"column":20},"end":{"line":139,"column":3}},"line":134},"11":{"name":"(anonymous_11)","decl":{"start":{"line":141,"column":21},"end":{"line":141,"column":22}},"loc":{"start":{"line":141,"column":27},"end":{"line":153,"column":3}},"line":141},"12":{"name":"(anonymous_12)","decl":{"start":{"line":155,"column":17},"end":{"line":155,"column":18}},"loc":{"start":{"line":155,"column":29},"end":{"line":161,"column":3}},"line":155},"13":{"name":"(anonymous_13)","decl":{"start":{"line":163,"column":2},"end":{"line":163,"column":3}},"loc":{"start":{"line":163,"column":11},"end":{"line":209,"column":3}},"line":163},"14":{"name":"(anonymous_14)","decl":{"start":{"line":223,"column":24},"end":{"line":223,"column":25}},"loc":{"start":{"line":223,"column":41},"end":{"line":225,"column":1}},"line":223}},"branchMap":{"0":{"loc":{"start":{"line":43,"column":4},"end":{"line":59,"column":5}},"type":"if","locations":[{"start":{"line":43,"column":4},"end":{"line":59,"column":5}},{"start":{"line":47,"column":11},"end":{"line":59,"column":5}}],"line":43},"1":{"loc":{"start":{"line":80,"column":4},"end":{"line":84,"column":5}},"type":"if","locations":[{"start":{"line":80,"column":4},"end":{"line":84,"column":5}},{"start":{},"end":{}}],"line":80},"2":{"loc":{"start":{"line":95,"column":4},"end":{"line":100,"column":5}},"type":"if","locations":[{"start":{"line":95,"column":4},"end":{"line":100,"column":5}},{"start":{"line":97,"column":11},"end":{"line":100,"column":5}}],"line":95},"3":{"loc":{"start":{"line":104,"column":4},"end":{"line":106,"column":5}},"type":"if","locations":[{"start":{"line":104,"column":4},"end":{"line":106,"column":5}},{"start":{},"end":{}}],"line":104},"4":{"loc":{"start":{"line":111,"column":4},"end":{"line":116,"column":5}},"type":"if","locations":[{"start":{"line":111,"column":4},"end":{"line":116,"column":5}},{"start":{},"end":{}}],"line":111},"5":{"loc":{"start":{"line":123,"column":6},"end":{"line":130,"column":7}},"type":"if","locations":[{"start":{"line":123,"column":6},"end":{"line":130,"column":7}},{"start":{"line":128,"column":13},"end":{"line":130,"column":7}}],"line":123},"6":{"loc":{"start":{"line":182,"column":10},"end":{"line":195,"column":18}},"type":"cond-expr","locations":[{"start":{"line":184,"column":14},"end":{"line":193,"column":17}},{"start":{"line":195,"column":14},"end":{"line":195,"column":18}}],"line":182},"7":{"loc":{"start":{"line":198,"column":10},"end":{"line":205,"column":29}},"type":"cond-expr","locations":[{"start":{"line":199,"column":12},"end":{"line":205,"column":21}},{"start":{"line":205,"column":25},"end":{"line":205,"column":29}}],"line":198},"8":{"loc":{"start":{"line":198,"column":10},"end":{"line":198,"column":35}},"type":"binary-expr","locations":[{"start":{"line":198,"column":10},"end":{"line":198,"column":21}},{"start":{"line":198,"column":25},"end":{"line":198,"column":35}}],"line":198}},"s":{"0":1,"1":1,"2":0,"3":0,"4":1,"5":1,"6":1,"7":1,"8":0,"9":0,"10":0,"11":0,"12":0,"13":0,"14":0,"15":0,"16":1,"17":0,"18":0,"19":0,"20":0,"21":0,"22":1,"23":0,"24":0,"25":0,"26":0,"27":0,"28":0,"29":0,"30":0,"31":0,"32":1,"33":0,"34":0,"35":0,"36":0,"37":0,"38":0,"39":0,"40":0,"41":0,"42":1,"43":0,"44":0,"45":1,"46":0,"47":0,"48":0,"49":0,"50":1,"51":0,"52":0,"53":0,"54":0,"55":0,"56":0,"57":0,"58":1,"59":0,"60":1,"61":0,"62":0,"63":0,"64":0,"65":0,"66":0,"67":1,"68":0,"69":0,"70":0,"71":0,"72":0,"73":1,"74":1,"75":1,"76":1,"77":1},"f":{"0":1,"1":0,"2":1,"3":0,"4":0,"5":0,"6":0,"7":0,"8":0,"9":0,"10":0,"11":0,"12":0,"13":1,"14":1},"b":{"0":[0,0],"1":[0,0],"2":[0,0],"3":[0,0],"4":[0,0],"5":[0,0],"6":[1,0],"7":[0,1],"8":[1,1]},"_coverageSchema":"1a1c01bbd47fc00a2c39e90264f33305004495a9","hash":"8c95ba7da088d1d959ecde21fe01d9eebe4d77f3"}
,"/home/bruno/Documentos/trybe/projetos/sd-027-b-project-trivia-react-redux/sd-027-b-project-trivia-react-redux/src/pages/Login.jsx": {"path":"/home/bruno/Documentos/trybe/projetos/sd-027-b-project-trivia-react-redux/sd-027-b-project-trivia-react-redux/src/pages/Login.jsx","statementMap":{"0":{"start":{"line":7,"column":10},"end":{"line":12,"column":3}},"1":{"start":{"line":14,"column":16},"end":{"line":20,"column":3}},"2":{"start":{"line":15,"column":24},"end":{"line":15,"column":72}},"3":{"start":{"line":16,"column":4},"end":{"line":19,"column":7}},"4":{"start":{"line":22,"column":15},"end":{"line":29,"column":3}},"5":{"start":{"line":23,"column":22},"end":{"line":23,"column":23}},"6":{"start":{"line":24,"column":23},"end":{"line":24,"column":47}},"7":{"start":{"line":25,"column":4},"end":{"line":28,"column":7}},"8":{"start":{"line":31,"column":19},"end":{"line":34,"column":3}},"9":{"start":{"line":32,"column":24},"end":{"line":32,"column":34}},"10":{"start":{"line":33,"column":4},"end":{"line":33,"column":37}},"11":{"start":{"line":36,"column":21},"end":{"line":38,"column":3}},"12":{"start":{"line":37,"column":4},"end":{"line":37,"column":40}},"13":{"start":{"line":40,"column":16},"end":{"line":49,"column":3}},"14":{"start":{"line":41,"column":34},"end":{"line":41,"column":44}},"15":{"start":{"line":42,"column":18},"end":{"line":42,"column":46}},"16":{"start":{"line":43,"column":4},"end":{"line":43,"column":33}},"17":{"start":{"line":44,"column":28},"end":{"line":44,"column":38}},"18":{"start":{"line":45,"column":4},"end":{"line":45,"column":28}},"19":{"start":{"line":46,"column":4},"end":{"line":46,"column":30}},"20":{"start":{"line":48,"column":4},"end":{"line":48,"column":26}},"21":{"start":{"line":57,"column":8},"end":{"line":57,"column":18}},"22":{"start":{"line":59,"column":4},"end":{"line":103,"column":6}},"23":{"start":{"line":107,"column":0},"end":{"line":112,"column":2}}},"fnMap":{"0":{"name":"(anonymous_0)","decl":{"start":{"line":14,"column":16},"end":{"line":14,"column":17}},"loc":{"start":{"line":14,"column":43},"end":{"line":20,"column":3}},"line":14},"1":{"name":"(anonymous_1)","decl":{"start":{"line":22,"column":15},"end":{"line":22,"column":16}},"loc":{"start":{"line":22,"column":42},"end":{"line":29,"column":3}},"line":22},"2":{"name":"(anonymous_2)","decl":{"start":{"line":31,"column":19},"end":{"line":31,"column":20}},"loc":{"start":{"line":31,"column":25},"end":{"line":34,"column":3}},"line":31},"3":{"name":"(anonymous_3)","decl":{"start":{"line":36,"column":21},"end":{"line":36,"column":22}},"loc":{"start":{"line":36,"column":31},"end":{"line":38,"column":3}},"line":36},"4":{"name":"(anonymous_4)","decl":{"start":{"line":40,"column":16},"end":{"line":40,"column":17}},"loc":{"start":{"line":40,"column":28},"end":{"line":49,"column":3}},"line":40},"5":{"name":"(anonymous_5)","decl":{"start":{"line":51,"column":2},"end":{"line":51,"column":3}},"loc":{"start":{"line":51,"column":11},"end":{"line":104,"column":3}},"line":51}},"branchMap":{"0":{"loc":{"start":{"line":85,"column":24},"end":{"line":85,"column":47}},"type":"binary-expr","locations":[{"start":{"line":85,"column":24},"end":{"line":85,"column":34}},{"start":{"line":85,"column":38},"end":{"line":85,"column":47}}],"line":85},"1":{"loc":{"start":{"line":88,"column":24},"end":{"line":89,"column":42}},"type":"cond-expr","locations":[{"start":{"line":89,"column":16},"end":{"line":89,"column":29}},{"start":{"line":89,"column":32},"end":{"line":89,"column":42}}],"line":88},"2":{"loc":{"start":{"line":88,"column":25},"end":{"line":88,"column":48}},"type":"binary-expr","locations":[{"start":{"line":88,"column":25},"end":{"line":88,"column":35}},{"start":{"line":88,"column":39},"end":{"line":88,"column":48}}],"line":88}},"s":{"0":8,"1":8,"2":72,"3":72,"4":8,"5":39,"6":39,"7":39,"8":8,"9":1,"10":1,"11":8,"12":1,"13":8,"14":1,"15":1,"16":1,"17":1,"18":1,"19":1,"20":1,"21":119,"22":119,"23":1},"f":{"0":72,"1":39,"2":1,"3":1,"4":1,"5":119},"b":{"0":[119,17],"1":[106,13],"2":[119,17]},"_coverageSchema":"1a1c01bbd47fc00a2c39e90264f33305004495a9","hash":"b09b1d711ba0f9f81872c62c5e05ae7c5c89638d"}
,"/home/bruno/Documentos/trybe/projetos/sd-027-b-project-trivia-react-redux/sd-027-b-project-trivia-react-redux/src/pages/Settings.jsx": {"path":"/home/bruno/Documentos/trybe/projetos/sd-027-b-project-trivia-react-redux/sd-027-b-project-trivia-react-redux/src/pages/Settings.jsx","statementMap":{"0":{"start":{"line":5,"column":4},"end":{"line":7,"column":6}}},"fnMap":{"0":{"name":"(anonymous_0)","decl":{"start":{"line":4,"column":2},"end":{"line":4,"column":3}},"loc":{"start":{"line":4,"column":11},"end":{"line":8,"column":3}},"line":4}},"branchMap":{},"s":{"0":1},"f":{"0":1},"b":{},"_coverageSchema":"1a1c01bbd47fc00a2c39e90264f33305004495a9","hash":"c5a5a048b15ab48606b72ca012800cd063da9512"}
}
