TN:
SF:src/App.js
FN:12,(anonymous_0)
FNF:1
FNH:1
FNDA:4,(anonymous_0)
DA:13,4
LF:1
LH:1
BRF:0
BRH:0
end_of_record
TN:
SF:src/components/Header.jsx
FN:7,(anonymous_0)
FN:27,(anonymous_1)
FNF:2
FNH:2
FNDA:3,(anonymous_0)
FNDA:3,(anonymous_1)
DA:8,3
DA:9,3
DA:27,3
DA:33,2
LF:4
LH:4
BRF:0
BRH:0
end_of_record
TN:
SF:src/components/MultipleChoice.jsx
FN:6,(anonymous_0)
FN:16,(anonymous_1)
FN:21,(anonymous_2)
FNF:3
FNH:1
FNDA:0,(anonymous_0)
FNDA:1,(anonymous_1)
FNDA:0,(anonymous_2)
DA:6,1
DA:7,0
DA:8,0
DA:9,0
DA:10,0
DA:12,0
DA:17,1
DA:18,1
DA:22,0
DA:43,1
LF:10
LH:4
BRDA:8,0,0,0
BRDA:8,0,1,0
BRDA:9,1,0,0
BRDA:9,1,1,0
BRDA:27,2,0,0
BRDA:27,2,1,0
BRF:6
BRH:0
end_of_record
TN:
SF:src/components/Ranking.jsx
FN:29,(anonymous_0)
FN:36,(anonymous_1)
FN:36,(anonymous_2)
FN:54,(anonymous_3)
FNF:4
FNH:0
FNDA:0,(anonymous_0)
FNDA:0,(anonymous_1)
FNDA:0,(anonymous_2)
FNDA:0,(anonymous_3)
DA:30,0
DA:31,0
DA:36,0
DA:37,0
DA:54,1
DA:58,1
LF:6
LH:2
BRF:0
BRH:0
end_of_record
TN:
SF:src/pages/FeedBack.jsx
FN:12,(anonymous_0)
FN:20,(anonymous_1)
FN:25,(anonymous_2)
FN:30,(anonymous_3)
FN:42,(anonymous_4)
FN:55,(anonymous_5)
FN:99,(anonymous_6)
FNF:7
FNH:7
FNDA:2,(anonymous_0)
FNDA:2,(anonymous_1)
FNDA:2,(anonymous_2)
FNDA:2,(anonymous_3)
FNDA:2,(anonymous_4)
FNDA:4,(anonymous_5)
FNDA:2,(anonymous_6)
DA:13,2
DA:14,2
DA:17,2
DA:21,2
DA:22,2
DA:25,2
DA:26,2
DA:27,2
DA:30,2
DA:31,2
DA:33,2
DA:38,2
DA:39,2
DA:42,2
DA:45,2
DA:47,2
DA:48,2
DA:49,2
DA:51,0
DA:59,4
DA:60,4
DA:61,4
DA:90,2
DA:99,2
LF:24
LH:23
BRDA:27,0,0,1
BRDA:27,0,1,1
BRDA:48,1,0,2
BRDA:48,1,1,0
BRF:4
BRH:3
end_of_record
TN:
SF:src/pages/Game.jsx
FN:28,(anonymous_0)
FN:32,(anonymous_1)
FN:37,(anonymous_2)
FN:62,(anonymous_3)
FN:70,(anonymous_4)
FN:87,(anonymous_5)
FN:103,(anonymous_6)
FN:109,(anonymous_7)
FN:119,(anonymous_8)
FN:121,(anonymous_9)
FN:134,(anonymous_10)
FN:141,(anonymous_11)
FN:155,(anonymous_12)
FN:163,(anonymous_13)
FN:223,(anonymous_14)
FNF:15
FNH:4
FNDA:1,(anonymous_0)
FNDA:0,(anonymous_1)
FNDA:1,(anonymous_2)
FNDA:0,(anonymous_3)
FNDA:0,(anonymous_4)
FNDA:0,(anonymous_5)
FNDA:0,(anonymous_6)
FNDA:0,(anonymous_7)
FNDA:0,(anonymous_8)
FNDA:0,(anonymous_9)
FNDA:0,(anonymous_10)
FNDA:0,(anonymous_11)
FNDA:0,(anonymous_12)
FNDA:1,(anonymous_13)
FNDA:1,(anonymous_14)
DA:11,1
DA:29,1
DA:33,0
DA:34,0
DA:37,1
DA:38,1
DA:39,1
DA:40,1
DA:41,0
DA:42,0
DA:43,0
DA:44,0
DA:45,0
DA:46,0
DA:48,0
DA:56,0
DA:62,1
DA:63,0
DA:64,0
DA:65,0
DA:66,0
DA:67,0
DA:70,1
DA:71,0
DA:72,0
DA:73,0
DA:74,0
DA:75,0
DA:80,0
DA:81,0
DA:82,0
DA:83,0
DA:87,1
DA:88,0
DA:91,0
DA:92,0
DA:93,0
DA:94,0
DA:95,0
DA:96,0
DA:98,0
DA:99,0
DA:103,1
DA:104,0
DA:105,0
DA:109,1
DA:110,0
DA:111,0
DA:112,0
DA:113,0
DA:119,1
DA:120,0
DA:121,0
DA:122,0
DA:123,0
DA:124,0
DA:125,0
DA:129,0
DA:134,1
DA:135,0
DA:141,1
DA:142,0
DA:143,0
DA:144,0
DA:145,0
DA:146,0
DA:147,0
DA:155,1
DA:156,0
DA:157,0
DA:158,0
DA:160,0
DA:170,1
DA:172,1
DA:212,1
DA:223,1
LF:76
LH:19
BRDA:43,0,0,0
BRDA:43,0,1,0
BRDA:80,1,0,0
BRDA:80,1,1,0
BRDA:95,2,0,0
BRDA:95,2,1,0
BRDA:104,3,0,0
BRDA:104,3,1,0
BRDA:111,4,0,0
BRDA:111,4,1,0
BRDA:123,5,0,0
BRDA:123,5,1,0
BRDA:182,6,0,1
BRDA:182,6,1,0
BRDA:198,7,0,0
BRDA:198,7,1,1
BRDA:198,8,0,1
BRDA:198,8,1,1
BRF:18
BRH:4
end_of_record
TN:
SF:src/pages/Login.jsx
FN:14,(anonymous_0)
FN:22,(anonymous_1)
FN:31,(anonymous_2)
FN:36,(anonymous_3)
FN:40,(anonymous_4)
FN:51,(anonymous_5)
FNF:6
FNH:6
FNDA:72,(anonymous_0)
FNDA:39,(anonymous_1)
FNDA:1,(anonymous_2)
FNDA:1,(anonymous_3)
FNDA:1,(anonymous_4)
FNDA:119,(anonymous_5)
DA:7,8
DA:14,8
DA:15,72
DA:16,72
DA:22,8
DA:23,39
DA:24,39
DA:25,39
DA:31,8
DA:32,1
DA:33,1
DA:36,8
DA:37,1
DA:40,8
DA:41,1
DA:42,1
DA:43,1
DA:44,1
DA:45,1
DA:46,1
DA:48,1
DA:57,119
DA:59,119
DA:107,1
LF:24
LH:24
BRDA:85,0,0,119
BRDA:85,0,1,17
BRDA:88,1,0,106
BRDA:88,1,1,13
BRDA:88,2,0,119
BRDA:88,2,1,17
BRF:6
BRH:6
end_of_record
TN:
SF:src/pages/Settings.jsx
FN:4,(anonymous_0)
FNF:1
FNH:1
FNDA:1,(anonymous_0)
DA:5,1
LF:1
LH:1
BRF:0
BRH:0
end_of_record
